<?xml version="1.0" encoding="UTF-8"?>
<!-- Generated by org.testng.reporters.JUnitXMLReporter -->
<testsuite ignored="0" hostname="Dell-PC" failures="0" tests="3" name="Default test" time="55.991" errors="0" timestamp="2023-07-04T11:05:18 NPT">
  <testcase classname="com.testscripts.TestTittle" name="Ticket" time="17.77"/>
  <testcase classname="com.testscripts.TestTittle" name="testNavigation" time="4.211"/>
  <testcase classname="com.testscripts.TestTittle" name="testTitle" time="0.01"/>
</testsuite> <!-- Default test -->
