<?xml version="1.0" encoding="UTF-8"?>
<!-- Generated by org.testng.reporters.JUnitXMLReporter -->
<testsuite ignored="2" hostname="Dell-PC" failures="0" tests="1" name="Default test" time="18.997" errors="0" timestamp="2023-07-03T11:49:37 NPT">
  <testcase classname="com.testscripts.TestTittle" name="testTitle" time="0.021"/>
  <testcase classname="com.testscripts.TestTittle" name="testNavigation" time="0.0">
    <ignored/>
  </testcase> <!-- testNavigation -->
  <testcase classname="com.testscripts.TestTittle" name="Ticket" time="0.0">
    <ignored/>
  </testcase> <!-- Ticket -->
</testsuite> <!-- Default test -->
