<?xml version="1.0" encoding="UTF-8"?>
<!-- Generated by org.testng.reporters.JUnitXMLReporter -->
<testsuite ignored="0" hostname="Dell-PC" failures="0" tests="4" name="Test" time="44.311" errors="0" timestamp="2023-07-04T11:30:42 NPT">
  <testcase classname="com.testscripts.TestTittle" name="testTitle" time="0.038"/>
  <testcase classname="com.testscripts.TestTittle" name="Ticket" time="12.105">
    <skipped/>
  </testcase> <!-- Ticket -->
  <testcase classname="com.testscripts.TestTittle" name="testNavigation" time="14.827"/>
  <testcase classname="com.testscripts.TestTittle" name="Ticket" time="12.828"/>
</testsuite> <!-- Test -->
