<?xml version="1.0" encoding="UTF-8"?>
<!-- Generated by org.testng.reporters.JUnitXMLReporter -->
<testsuite ignored="0" hostname="Dell-PC" failures="0" tests="3" name="Test1" time="74.065" errors="0" timestamp="2023-07-04T11:20:58 NPT">
  <testcase classname="com.testscripts.TestTittle" name="Ticket" time="19.433"/>
  <testcase classname="com.testscripts.TestTittle" name="testNavigation" time="4.858"/>
  <testcase classname="com.testscripts.TestTittle" name="testTitle" time="0.015"/>
</testsuite> <!-- Test1 -->
