<?xml version="1.0" encoding="UTF-8"?>
<testng-results ignored="2" total="3" passed="1" failed="0" skipped="0">
  <reporter-output>
  </reporter-output>
  <suite started-at="2023-07-03T11:49:18 NPT" name="Default suite" finished-at="2023-07-03T11:49:37 NPT" duration-ms="18997">
    <groups>
    </groups>
    <test started-at="2023-07-03T11:49:18 NPT" name="Default test" finished-at="2023-07-03T11:49:37 NPT" duration-ms="18997">
      <class name="com.testscripts.TestTittle">
        <test-method is-config="true" signature="openBrowser(java.lang.String)[pri:0, instance:com.testscripts.TestTittle@181e731e]" started-at="2023-07-03T11:49:18 NPT" name="openBrowser" finished-at="2023-07-03T11:49:31 NPT" duration-ms="13625" status="PASS">
          <params>
            <param index="0">
              <value>
                <![CDATA[chrome]]>
              </value>
            </param>
          </params>
          <reporter-output>
          </reporter-output>
        </test-method> <!-- openBrowser -->
        <test-method is-config="true" signature="openApplication()[pri:0, instance:com.testscripts.TestTittle@181e731e]" started-at="2023-07-03T11:49:31 NPT" name="openApplication" finished-at="2023-07-03T11:49:36 NPT" duration-ms="4512" status="PASS">
          <reporter-output>
          </reporter-output>
        </test-method> <!-- openApplication -->
        <test-method signature="testTitle()[pri:0, instance:com.testscripts.TestTittle@181e731e]" started-at="2023-07-03T11:49:36 NPT" name="testTitle" finished-at="2023-07-03T11:49:36 NPT" duration-ms="21" status="PASS">
          <reporter-output>
          </reporter-output>
        </test-method> <!-- testTitle -->
        <test-method is-config="true" signature="closeBrowser()[pri:0, instance:com.testscripts.TestTittle@181e731e]" started-at="2023-07-03T11:49:36 NPT" name="closeBrowser" finished-at="2023-07-03T11:49:37 NPT" duration-ms="787" status="PASS">
          <reporter-output>
          </reporter-output>
        </test-method> <!-- closeBrowser -->
      </class> <!-- com.testscripts.TestTittle -->
    </test> <!-- Default test -->
  </suite> <!-- Default suite -->
</testng-results>
