<?xml version="1.0" encoding="UTF-8"?>
<testng-results retried="1" ignored="0" total="4" passed="3" failed="0" skipped="0">
  <reporter-output>
    <line>
      <![CDATA[the link is not opened in new tab]]>
    </line>
    <line>
      <![CDATA[The Ticket1688449537599]]>
    </line>
  </reporter-output>
  <suite started-at="2023-07-04T11:29:58 NPT" name="Suite" finished-at="2023-07-04T11:30:42 NPT" duration-ms="44311">
    <groups>
    </groups>
    <test started-at="2023-07-04T11:29:58 NPT" name="Test" finished-at="2023-07-04T11:30:42 NPT" duration-ms="44311">
      <class name="com.testscripts.TestTittle">
        <test-method is-config="true" signature="openBrowser(java.lang.String)[pri:0, instance:com.testscripts.TestTittle@345f69f3]" started-at="2023-07-04T11:29:58 NPT" name="openBrowser" finished-at="2023-07-04T11:30:05 NPT" duration-ms="6737" status="PASS">
          <params>
            <param index="0">
              <value>
                <![CDATA[chrome]]>
              </value>
            </param>
          </params>
          <reporter-output>
          </reporter-output>
        </test-method> <!-- openBrowser -->
        <test-method is-config="true" signature="openApplication()[pri:0, instance:com.testscripts.TestTittle@345f69f3]" started-at="2023-07-04T11:30:05 NPT" name="openApplication" finished-at="2023-07-04T11:30:14 NPT" duration-ms="9075" status="PASS">
          <reporter-output>
          </reporter-output>
        </test-method> <!-- openApplication -->
        <test-method is-config="true" signature="openApplication()[pri:0, instance:com.testscripts.TestTittle@345f69f3]" started-at="2023-07-04T11:30:05 NPT" name="openApplication" finished-at="2023-07-04T11:30:14 NPT" duration-ms="9026" status="PASS">
          <reporter-output>
          </reporter-output>
        </test-method> <!-- openApplication -->
        <test-method is-config="true" signature="openApplication()[pri:0, instance:com.testscripts.TestTittle@345f69f3]" started-at="2023-07-04T11:30:05 NPT" name="openApplication" finished-at="2023-07-04T11:30:14 NPT" duration-ms="9019" status="PASS">
          <reporter-output>
          </reporter-output>
        </test-method> <!-- openApplication -->
        <test-method retried="true" signature="Ticket()[pri:0, instance:com.testscripts.TestTittle@345f69f3]" started-at="2023-07-04T11:30:14 NPT" name="Ticket" finished-at="2023-07-04T11:30:26 NPT" duration-ms="12105" status="SKIP">
          <exception class="org.openqa.selenium.NoSuchElementException">
            <message>
              <![CDATA[no such element: Unable to locate element: {"method":"xpath","selector":"//select[@name='fromPort']"}
  (Session info: chrome=109.0.5414.120)
For documentation on this error, please visit: https://www.seleniumhq.org/exceptions/no_such_element.html
Build info: version: '3.141.59', revision: 'e82be7d358', time: '2018-11-14T08:17:03'
System info: host: 'DELL-PC', ip: '192.168.0.148', os.name: 'Windows 7', os.arch: 'amd64', os.version: '6.1', java.version: '17.0.7'
Driver info: org.openqa.selenium.chrome.ChromeDriver
Capabilities {acceptInsecureCerts: false, browserName: chrome, browserVersion: 109.0.5414.120, chrome: {chromedriverVersion: 109.0.5414.74 (e7c5703604da..., userDataDir: C:\Users\Selenium\AppData\L...}, goog:chromeOptions: {debuggerAddress: localhost:49482}, javascriptEnabled: true, networkConnectionEnabled: false, pageLoadStrategy: normal, platform: WINDOWS, platformName: WINDOWS, proxy: Proxy(), setWindowRect: true, strictFileInteractability: false, timeouts: {implicit: 0, pageLoad: 300000, script: 30000}, unhandledPromptBehavior: dismiss and notify, webauthn:extension:credBlob: true, webauthn:extension:largeBlob: true, webauthn:virtualAuthenticators: true}
Session ID: d4bf3dae082ec5d0bcc2730ee15a572d
*** Element info: {Using=xpath, value=//select[@name='fromPort']}]]>
            </message>
            <full-stacktrace>
              <![CDATA[org.openqa.selenium.NoSuchElementException: no such element: Unable to locate element: {"method":"xpath","selector":"//select[@name='fromPort']"}
  (Session info: chrome=109.0.5414.120)
For documentation on this error, please visit: https://www.seleniumhq.org/exceptions/no_such_element.html
Build info: version: '3.141.59', revision: 'e82be7d358', time: '2018-11-14T08:17:03'
System info: host: 'DELL-PC', ip: '192.168.0.148', os.name: 'Windows 7', os.arch: 'amd64', os.version: '6.1', java.version: '17.0.7'
Driver info: org.openqa.selenium.chrome.ChromeDriver
Capabilities {acceptInsecureCerts: false, browserName: chrome, browserVersion: 109.0.5414.120, chrome: {chromedriverVersion: 109.0.5414.74 (e7c5703604da..., userDataDir: C:\Users\Selenium\AppData\L...}, goog:chromeOptions: {debuggerAddress: localhost:49482}, javascriptEnabled: true, networkConnectionEnabled: false, pageLoadStrategy: normal, platform: WINDOWS, platformName: WINDOWS, proxy: Proxy(), setWindowRect: true, strictFileInteractability: false, timeouts: {implicit: 0, pageLoad: 300000, script: 30000}, unhandledPromptBehavior: dismiss and notify, webauthn:extension:credBlob: true, webauthn:extension:largeBlob: true, webauthn:virtualAuthenticators: true}
Session ID: d4bf3dae082ec5d0bcc2730ee15a572d
*** Element info: {Using=xpath, value=//select[@name='fromPort']}
at java.base/jdk.internal.reflect.NativeConstructorAccessorImpl.newInstance0(Native Method)
at java.base/jdk.internal.reflect.NativeConstructorAccessorImpl.newInstance(NativeConstructorAccessorImpl.java:77)
at java.base/jdk.internal.reflect.DelegatingConstructorAccessorImpl.newInstance(DelegatingConstructorAccessorImpl.java:45)
at java.base/java.lang.reflect.Constructor.newInstanceWithCaller(Constructor.java:499)
at java.base/java.lang.reflect.Constructor.newInstance(Constructor.java:480)
at org.openqa.selenium.remote.http.W3CHttpResponseCodec.createException(W3CHttpResponseCodec.java:187)
at org.openqa.selenium.remote.http.W3CHttpResponseCodec.decode(W3CHttpResponseCodec.java:122)
at org.openqa.selenium.remote.http.W3CHttpResponseCodec.decode(W3CHttpResponseCodec.java:49)
at org.openqa.selenium.remote.HttpCommandExecutor.execute(HttpCommandExecutor.java:158)
at org.openqa.selenium.remote.service.DriverCommandExecutor.execute(DriverCommandExecutor.java:83)
at org.openqa.selenium.remote.RemoteWebDriver.execute(RemoteWebDriver.java:552)
at org.openqa.selenium.remote.RemoteWebDriver.findElement(RemoteWebDriver.java:323)
at org.openqa.selenium.remote.RemoteWebDriver.findElementByXPath(RemoteWebDriver.java:428)
at org.openqa.selenium.By$ByXPath.findElement(By.java:353)
at org.openqa.selenium.remote.RemoteWebDriver.findElement(RemoteWebDriver.java:315)
at org.openqa.selenium.support.pagefactory.DefaultElementLocator.findElement(DefaultElementLocator.java:69)
at org.openqa.selenium.support.pagefactory.internal.LocatingElementHandler.invoke(LocatingElementHandler.java:38)
at jdk.proxy2/jdk.proxy2.$Proxy15.getAttribute(Unknown Source)
at org.openqa.selenium.support.ui.Select.<init>(Select.java:53)
at com.testscripts.TestTittle.Ticket(TestTittle.java:71)
at java.base/jdk.internal.reflect.NativeMethodAccessorImpl.invoke0(Native Method)
at java.base/jdk.internal.reflect.NativeMethodAccessorImpl.invoke(NativeMethodAccessorImpl.java:77)
at java.base/jdk.internal.reflect.DelegatingMethodAccessorImpl.invoke(DelegatingMethodAccessorImpl.java:43)
at java.base/java.lang.reflect.Method.invoke(Method.java:568)
at org.testng.internal.MethodInvocationHelper.invokeMethod(MethodInvocationHelper.java:134)
at org.testng.internal.TestInvoker.invokeMethod(TestInvoker.java:597)
at org.testng.internal.TestInvoker.invokeTestMethod(TestInvoker.java:173)
at org.testng.internal.MethodRunner.runInSequence(MethodRunner.java:46)
at org.testng.internal.TestInvoker$MethodInvocationAgent.invoke(TestInvoker.java:816)
at org.testng.internal.TestInvoker.invokeTestMethods(TestInvoker.java:146)
at org.testng.internal.TestMethodWorker.invokeTestMethods(TestMethodWorker.java:146)
at org.testng.internal.TestMethodWorker.run(TestMethodWorker.java:128)
at java.base/java.util.concurrent.ThreadPoolExecutor.runWorker(ThreadPoolExecutor.java:1136)
at java.base/java.util.concurrent.ThreadPoolExecutor$Worker.run(ThreadPoolExecutor.java:635)
at java.base/java.lang.Thread.run(Thread.java:833)
]]>
            </full-stacktrace>
          </exception> <!-- org.openqa.selenium.NoSuchElementException -->
          <reporter-output>
          </reporter-output>
        </test-method> <!-- Ticket -->
        <test-method signature="testNavigation()[pri:0, instance:com.testscripts.TestTittle@345f69f3]" started-at="2023-07-04T11:30:14 NPT" name="testNavigation" finished-at="2023-07-04T11:30:29 NPT" duration-ms="14827" status="PASS">
          <reporter-output>
            <line>
              <![CDATA[the link is not opened in new tab]]>
            </line>
          </reporter-output>
        </test-method> <!-- testNavigation -->
        <test-method signature="testTitle()[pri:0, instance:com.testscripts.TestTittle@345f69f3]" started-at="2023-07-04T11:30:14 NPT" name="testTitle" finished-at="2023-07-04T11:30:14 NPT" duration-ms="38" status="PASS">
          <reporter-output>
          </reporter-output>
        </test-method> <!-- testTitle -->
        <test-method is-config="true" signature="openApplication()[pri:0, instance:com.testscripts.TestTittle@345f69f3]" started-at="2023-07-04T11:30:26 NPT" name="openApplication" finished-at="2023-07-04T11:30:27 NPT" duration-ms="842" status="PASS">
          <reporter-output>
          </reporter-output>
        </test-method> <!-- openApplication -->
        <test-method signature="Ticket()[pri:0, instance:com.testscripts.TestTittle@345f69f3]" started-at="2023-07-04T11:30:27 NPT" name="Ticket" finished-at="2023-07-04T11:30:40 NPT" duration-ms="12828" status="PASS">
          <reporter-output>
            <line>
              <![CDATA[The Ticket1688449537599]]>
            </line>
          </reporter-output>
        </test-method> <!-- Ticket -->
        <test-method is-config="true" signature="closeBrowser()[pri:0, instance:com.testscripts.TestTittle@345f69f3]" started-at="2023-07-04T11:30:40 NPT" name="closeBrowser" finished-at="2023-07-04T11:30:42 NPT" duration-ms="2655" status="PASS">
          <reporter-output>
          </reporter-output>
        </test-method> <!-- closeBrowser -->
      </class> <!-- com.testscripts.TestTittle -->
    </test> <!-- Test -->
  </suite> <!-- Suite -->
</testng-results>
